<?xml version="1.0" encoding="UTF-8"?>
<!-- Generated by org.testng.reporters.JUnitReportReporter -->
<testsuite hostname="DESKTOP-7TVELGM" failures="0" tests="1" name="tests.EcommerceTest" time="23.860" errors="0" timestamp="2025-05-29T17:55:49 IST" skipped="0">
  <testcase classname="tests.EcommerceTest" name="testFullSignupLoginAndAddToCart" time="23.860"/>
</testsuite> <!-- tests.EcommerceTest -->
